<?xml version="1.0" encoding="UTF-8"?>
<coverage generated="1762835501161" clover="3.2.0">
  <project timestamp="1762835501161" name="All files">
    <metrics statements="15" coveredstatements="12" conditionals="8" coveredconditionals="6" methods="2" coveredmethods="1" elements="25" coveredelements="19" complexity="0" loc="15" ncloc="15" packages="3" files="4" classes="4"/>
    <package name="components.Login">
      <metrics statements="12" coveredstatements="9" conditionals="8" coveredconditionals="6" methods="2" coveredmethods="1"/>
      <file name="LoginForm.tsx" path="C:\Users\chris\OneDrive\Escritorio\trashtrash\rimac-test\src\components\Login\LoginForm.tsx">
        <metrics statements="12" coveredstatements="9" conditionals="8" coveredconditionals="6" methods="2" coveredmethods="1"/>
        <line num="1" count="1" type="stmt"/>
        <line num="3" count="1" type="stmt"/>
        <line num="4" count="1" type="stmt"/>
        <line num="5" count="1" type="stmt"/>
        <line num="16" count="7" type="stmt"/>
        <line num="22" count="7" type="stmt"/>
        <line num="32" count="7" type="stmt"/>
        <line num="33" count="0" type="stmt"/>
        <line num="36" count="0" type="stmt"/>
        <line num="38" count="0" type="stmt"/>
        <line num="41" count="7" type="stmt"/>
        <line num="117" count="1" type="stmt"/>
      </file>
    </package>
    <package name="constants">
      <metrics statements="2" coveredstatements="2" conditionals="0" coveredconditionals="0" methods="0" coveredmethods="0"/>
      <file name="endpoints.tsx" path="C:\Users\chris\OneDrive\Escritorio\trashtrash\rimac-test\src\constants\endpoints.tsx">
        <metrics statements="1" coveredstatements="1" conditionals="0" coveredconditionals="0" methods="0" coveredmethods="0"/>
        <line num="1" count="1" type="stmt"/>
      </file>
      <file name="index.tsx" path="C:\Users\chris\OneDrive\Escritorio\trashtrash\rimac-test\src\constants\index.tsx">
        <metrics statements="1" coveredstatements="1" conditionals="0" coveredconditionals="0" methods="0" coveredmethods="0"/>
        <line num="1" count="1" type="stmt"/>
      </file>
    </package>
    <package name="environments">
      <metrics statements="1" coveredstatements="1" conditionals="0" coveredconditionals="0" methods="0" coveredmethods="0"/>
      <file name="environment.ts" path="C:\Users\chris\OneDrive\Escritorio\trashtrash\rimac-test\src\environments\environment.ts">
        <metrics statements="1" coveredstatements="1" conditionals="0" coveredconditionals="0" methods="0" coveredmethods="0"/>
        <line num="4" count="1" type="stmt"/>
      </file>
    </package>
  </project>
</coverage>
