{"C:\\Users\\chris\\OneDrive\\Escritorio\\trashtrash\\rimac-test\\src\\components\\Login\\LoginForm.tsx": {"path":"C:\\Users\\chris\\OneDrive\\Escritorio\\trashtrash\\rimac-test\\src\\components\\Login\\LoginForm.tsx","statementMap":{"0":{"start":{"line":1,"column":0},"end":{"line":1,"column":42}},"1":{"start":{"line":3,"column":0},"end":{"line":3,"column":47}},"2":{"start":{"line":4,"column":0},"end":{"line":4,"column":61}},"3":{"start":{"line":5,"column":0},"end":{"line":5,"column":39}},"4":{"start":{"line":16,"column":19},"end":{"line":16,"column":32}},"5":{"start":{"line":22,"column":6},"end":{"line":30,"column":4}},"6":{"start":{"line":32,"column":19},"end":{"line":39,"column":3}},"7":{"start":{"line":33,"column":14},"end":{"line":34,"column":null}},"8":{"start":{"line":36,"column":15},"end":{"line":36,"column":31}},"9":{"start":{"line":38,"column":4},"end":{"line":38,"column":61}},"10":{"start":{"line":41,"column":2},"end":{"line":114,"column":4}},"11":{"start":{"line":117,"column":0},"end":{"line":117,"column":25}}},"fnMap":{"0":{"name":"LoginForm","decl":{"start":{"line":15,"column":9},"end":{"line":15,"column":18}},"loc":{"start":{"line":15,"column":18},"end":{"line":115,"column":1}}},"1":{"name":"(anonymous_1)","decl":{"start":{"line":32,"column":19},"end":{"line":32,"column":24}},"loc":{"start":{"line":32,"column":48},"end":{"line":39,"column":3}}}},"branchMap":{"0":{"loc":{"start":{"line":73,"column":15},"end":{"line":73,"column":83}},"type":"binary-expr","locations":[{"start":{"line":73,"column":15},"end":{"line":73,"column":25}},{"start":{"line":73,"column":29},"end":{"line":73,"column":83}}]},"1":{"loc":{"start":{"line":81,"column":13},"end":{"line":82,"column":null}},"type":"binary-expr","locations":[{"start":{"line":81,"column":13},"end":{"line":81,"column":27}},{"start":{"line":82,"column":14},"end":{"line":82,"column":72}}]},"2":{"loc":{"start":{"line":92,"column":13},"end":{"line":93,"column":null}},"type":"binary-expr","locations":[{"start":{"line":92,"column":13},"end":{"line":92,"column":29}},{"start":{"line":93,"column":14},"end":{"line":93,"column":74}}]},"3":{"loc":{"start":{"line":103,"column":13},"end":{"line":104,"column":null}},"type":"binary-expr","locations":[{"start":{"line":103,"column":13},"end":{"line":103,"column":29}},{"start":{"line":104,"column":14},"end":{"line":104,"column":74}}]}},"s":{"0":1,"1":1,"2":1,"3":1,"4":7,"5":7,"6":7,"7":0,"8":0,"9":0,"10":7,"11":1},"f":{"0":7,"1":0},"b":{"0":[7,1],"1":[7,1],"2":[7,0],"3":[7,0]}}
,"C:\\Users\\chris\\OneDrive\\Escritorio\\trashtrash\\rimac-test\\src\\constants\\endpoints.tsx": {"path":"C:\\Users\\chris\\OneDrive\\Escritorio\\trashtrash\\rimac-test\\src\\constants\\endpoints.tsx","statementMap":{"0":{"start":{"line":1,"column":13},"end":{"line":4,"column":2}}},"fnMap":{},"branchMap":{},"s":{"0":1},"f":{},"b":{}}
,"C:\\Users\\chris\\OneDrive\\Escritorio\\trashtrash\\rimac-test\\src\\constants\\index.tsx": {"path":"C:\\Users\\chris\\OneDrive\\Escritorio\\trashtrash\\rimac-test\\src\\constants\\index.tsx","statementMap":{"0":{"start":{"line":1,"column":0},"end":{"line":1,"column":28}}},"fnMap":{},"branchMap":{},"s":{"0":1},"f":{},"b":{}}
,"C:\\Users\\chris\\OneDrive\\Escritorio\\trashtrash\\rimac-test\\src\\environments\\environment.ts": {"path":"C:\\Users\\chris\\OneDrive\\Escritorio\\trashtrash\\rimac-test\\src\\environments\\environment.ts","statementMap":{"0":{"start":{"line":4,"column":13},"end":{"line":8,"column":2}}},"fnMap":{},"branchMap":{},"s":{"0":1},"f":{},"b":{}}
}
