TN:
SF:src\components\Login\LoginForm.tsx
FN:15,LoginForm
FN:32,(anonymous_1)
FNF:2
FNH:1
FNDA:7,LoginForm
FNDA:0,(anonymous_1)
DA:1,1
DA:3,1
DA:4,1
DA:5,1
DA:16,7
DA:22,7
DA:32,7
DA:33,0
DA:36,0
DA:38,0
DA:41,7
DA:117,1
LF:12
LH:9
BRDA:73,0,0,7
BRDA:73,0,1,1
BRDA:81,1,0,7
BRDA:81,1,1,1
BRDA:92,2,0,7
BRDA:92,2,1,0
BRDA:103,3,0,7
BRDA:103,3,1,0
BRF:8
BRH:6
end_of_record
TN:
SF:src\constants\endpoints.tsx
FNF:0
FNH:0
DA:1,1
LF:1
LH:1
BRF:0
BRH:0
end_of_record
TN:
SF:src\constants\index.tsx
FNF:0
FNH:0
DA:1,1
LF:1
LH:1
BRF:0
BRH:0
end_of_record
TN:
SF:src\environments\environment.ts
FNF:0
FNH:0
DA:4,1
LF:1
LH:1
BRF:0
BRH:0
end_of_record
